

Started GET "/" for 127.0.0.1 at 2015-03-12 20:54:19 -0400

ActiveRecord::NoDatabaseError (FATAL:  database "follow-prop_development" does not exist
Run `$ bin/rake db:create db:migrate` to create your database):
  activerecord (4.1.4) lib/active_record/connection_adapters/postgresql_adapter.rb:898:in `rescue in connect'
  activerecord (4.1.4) lib/active_record/connection_adapters/postgresql_adapter.rb:888:in `connect'
  activerecord (4.1.4) lib/active_record/connection_adapters/postgresql_adapter.rb:568:in `initialize'
  activerecord (4.1.4) lib/active_record/connection_adapters/postgresql_adapter.rb:41:in `new'
  activerecord (4.1.4) lib/active_record/connection_adapters/postgresql_adapter.rb:41:in `postgresql_connection'
  activerecord (4.1.4) lib/active_record/connection_adapters/abstract/connection_pool.rb:435:in `new_connection'
  activerecord (4.1.4) lib/active_record/connection_adapters/abstract/connection_pool.rb:445:in `checkout_new_connection'
  activerecord (4.1.4) lib/active_record/connection_adapters/abstract/connection_pool.rb:416:in `acquire_connection'
  activerecord (4.1.4) lib/active_record/connection_adapters/abstract/connection_pool.rb:351:in `block in checkout'
  /Users/AdrianMLin/.rbenv/versions/2.1.2/lib/ruby/2.1.0/monitor.rb:211:in `mon_synchronize'
  activerecord (4.1.4) lib/active_record/connection_adapters/abstract/connection_pool.rb:350:in `checkout'
  activerecord (4.1.4) lib/active_record/connection_adapters/abstract/connection_pool.rb:265:in `block in connection'
  /Users/AdrianMLin/.rbenv/versions/2.1.2/lib/ruby/2.1.0/monitor.rb:211:in `mon_synchronize'
  activerecord (4.1.4) lib/active_record/connection_adapters/abstract/connection_pool.rb:264:in `connection'
  activerecord (4.1.4) lib/active_record/connection_adapters/abstract/connection_pool.rb:541:in `retrieve_connection'
  activerecord (4.1.4) lib/active_record/connection_handling.rb:113:in `retrieve_connection'
  activerecord (4.1.4) lib/active_record/connection_handling.rb:87:in `connection'
  activerecord (4.1.4) lib/active_record/query_cache.rb:51:in `restore_query_cache_settings'
  activerecord (4.1.4) lib/active_record/query_cache.rb:43:in `rescue in call'
  activerecord (4.1.4) lib/active_record/query_cache.rb:32:in `call'
  activerecord (4.1.4) lib/active_record/connection_adapters/abstract/connection_pool.rb:621:in `call'
  activerecord (4.1.4) lib/active_record/migration.rb:380:in `call'
  actionpack (4.1.4) lib/action_dispatch/middleware/callbacks.rb:29:in `block in call'
  activesupport (4.1.4) lib/active_support/callbacks.rb:82:in `run_callbacks'
  actionpack (4.1.4) lib/action_dispatch/middleware/callbacks.rb:27:in `call'
  actionpack (4.1.4) lib/action_dispatch/middleware/reloader.rb:73:in `call'
  actionpack (4.1.4) lib/action_dispatch/middleware/remote_ip.rb:76:in `call'
  actionpack (4.1.4) lib/action_dispatch/middleware/debug_exceptions.rb:17:in `call'
  actionpack (4.1.4) lib/action_dispatch/middleware/show_exceptions.rb:30:in `call'
  railties (4.1.4) lib/rails/rack/logger.rb:38:in `call_app'
  railties (4.1.4) lib/rails/rack/logger.rb:20:in `block in call'
  activesupport (4.1.4) lib/active_support/tagged_logging.rb:68:in `block in tagged'
  activesupport (4.1.4) lib/active_support/tagged_logging.rb:26:in `tagged'
  activesupport (4.1.4) lib/active_support/tagged_logging.rb:68:in `tagged'
  railties (4.1.4) lib/rails/rack/logger.rb:20:in `call'
  actionpack (4.1.4) lib/action_dispatch/middleware/request_id.rb:21:in `call'
  rack (1.5.2) lib/rack/methodoverride.rb:21:in `call'
  rack (1.5.2) lib/rack/runtime.rb:17:in `call'
  activesupport (4.1.4) lib/active_support/cache/strategy/local_cache_middleware.rb:26:in `call'
  rack (1.5.2) lib/rack/lock.rb:17:in `call'
  actionpack (4.1.4) lib/action_dispatch/middleware/static.rb:64:in `call'
  rack (1.5.2) lib/rack/sendfile.rb:112:in `call'
  railties (4.1.4) lib/rails/engine.rb:514:in `call'
  railties (4.1.4) lib/rails/application.rb:144:in `call'
  rack (1.5.2) lib/rack/lock.rb:17:in `call'
  rack (1.5.2) lib/rack/content_length.rb:14:in `call'
  rack (1.5.2) lib/rack/handler/webrick.rb:60:in `service'
  /Users/AdrianMLin/.rbenv/versions/2.1.2/lib/ruby/2.1.0/webrick/httpserver.rb:138:in `service'
  /Users/AdrianMLin/.rbenv/versions/2.1.2/lib/ruby/2.1.0/webrick/httpserver.rb:94:in `run'
  /Users/AdrianMLin/.rbenv/versions/2.1.2/lib/ruby/2.1.0/webrick/server.rb:295:in `block in start_thread'


  Rendered /Users/AdrianMLin/.rbenv/versions/2.1.2/lib/ruby/gems/2.1.0/gems/actionpack-4.1.4/lib/action_dispatch/middleware/templates/rescues/_source.erb (0.6ms)
  Rendered /Users/AdrianMLin/.rbenv/versions/2.1.2/lib/ruby/gems/2.1.0/gems/actionpack-4.1.4/lib/action_dispatch/middleware/templates/rescues/_trace.html.erb (1.1ms)
  Rendered /Users/AdrianMLin/.rbenv/versions/2.1.2/lib/ruby/gems/2.1.0/gems/actionpack-4.1.4/lib/action_dispatch/middleware/templates/rescues/_request_and_response.html.erb (0.9ms)
  Rendered /Users/AdrianMLin/.rbenv/versions/2.1.2/lib/ruby/gems/2.1.0/gems/actionpack-4.1.4/lib/action_dispatch/middleware/templates/rescues/diagnostics.erb within rescues/layout (17.2ms)


Started GET "/" for 127.0.0.1 at 2015-03-12 20:54:30 -0400
Processing by HomeController#index as HTML
  Rendered home/index.html.erb within layouts/application (0.3ms)
Completed 200 OK in 116ms (Views: 115.6ms | ActiveRecord: 0.0ms)


Started GET "/assets/application.css?body=1" for 127.0.0.1 at 2015-03-12 20:54:31 -0400


Started GET "/assets/angular-rails-templates.js?body=1" for 127.0.0.1 at 2015-03-12 20:54:31 -0400


Started GET "/assets/jquery_ujs.js?body=1" for 127.0.0.1 at 2015-03-12 20:54:31 -0400


Started GET "/assets/angular-app/app.js?body=1" for 127.0.0.1 at 2015-03-12 20:54:31 -0400


Started GET "/assets/angular/angular.js?body=1" for 127.0.0.1 at 2015-03-12 20:54:31 -0400


Started GET "/assets/jquery.js?body=1" for 127.0.0.1 at 2015-03-12 20:54:31 -0400


Started GET "/assets/application.js?body=1" for 127.0.0.1 at 2015-03-12 20:54:31 -0400


Started GET "/" for 127.0.0.1 at 2015-03-12 20:54:46 -0400
Processing by HomeController#index as HTML
  Rendered home/index.html.erb within layouts/application (0.0ms)
Completed 200 OK in 47ms (Views: 46.4ms | ActiveRecord: 0.0ms)


Started GET "/assets/application.css?body=1" for 127.0.0.1 at 2015-03-12 20:54:46 -0400


Started GET "/assets/jquery.js?body=1" for 127.0.0.1 at 2015-03-12 20:54:46 -0400


Started GET "/assets/angular-rails-templates.js?body=1" for 127.0.0.1 at 2015-03-12 20:54:46 -0400


Started GET "/assets/angular-app/app.js?body=1" for 127.0.0.1 at 2015-03-12 20:54:46 -0400


Started GET "/assets/angular/angular.js?body=1" for 127.0.0.1 at 2015-03-12 20:54:46 -0400


Started GET "/assets/jquery_ujs.js?body=1" for 127.0.0.1 at 2015-03-12 20:54:46 -0400


Started GET "/assets/application.js?body=1" for 127.0.0.1 at 2015-03-12 20:54:46 -0400


Started GET "/" for 127.0.0.1 at 2015-03-12 20:56:41 -0400
Processing by HomeController#index as HTML
  Rendered home/index.html.erb within layouts/application (0.6ms)
Completed 200 OK in 6158ms (Views: 53.1ms | ActiveRecord: 0.0ms)


Started GET "/assets/application.css?body=1" for 127.0.0.1 at 2015-03-12 20:56:47 -0400


Started GET "/" for 127.0.0.1 at 2015-03-12 21:31:07 -0400
Processing by HomeController#index as HTML
  Rendered home/index.html.erb within layouts/application (6.7ms)
Completed 500 Internal Server Error in 12061ms

ActionView::Template::Error (undefined local variable or method `client_id' for #<#<Class:0x007f7f680704d8>:0x007f7f6806bb40>):
    1: <h1> Index! </h1>
    2: 
    3: <%=client_id%>
  app/views/home/index.html.erb:3:in `_app_views_home_index_html_erb___4123846601501727848_70092591318580'
  app/controllers/home_controller.rb:5:in `index'


  Rendered /Users/AdrianMLin/.rbenv/versions/2.1.2/lib/ruby/gems/2.1.0/gems/actionpack-4.1.4/lib/action_dispatch/middleware/templates/rescues/_trace.html.erb (1.0ms)
  Rendered /Users/AdrianMLin/.rbenv/versions/2.1.2/lib/ruby/gems/2.1.0/gems/actionpack-4.1.4/lib/action_dispatch/middleware/templates/rescues/_request_and_response.html.erb (7.8ms)
  Rendered /Users/AdrianMLin/.rbenv/versions/2.1.2/lib/ruby/gems/2.1.0/gems/actionpack-4.1.4/lib/action_dispatch/middleware/templates/rescues/template_error.html.erb within rescues/layout (15.9ms)


Started GET "/assets/application.css?body=1" for 127.0.0.1 at 2015-03-12 21:31:19 -0400


Started GET "/" for 127.0.0.1 at 2015-03-12 21:38:23 -0400
Processing by HomeController#index as HTML
Completed 500 Internal Server Error in 3344ms

NameError (undefined local variable or method `client_id' for #<HomeController:0x007fdbf90f7f30>):
  app/controllers/home_controller.rb:6:in `index'


  Rendered /Users/AdrianMLin/.rbenv/versions/2.1.2/lib/ruby/gems/2.1.0/gems/actionpack-4.1.4/lib/action_dispatch/middleware/templates/rescues/_source.erb (0.5ms)
  Rendered /Users/AdrianMLin/.rbenv/versions/2.1.2/lib/ruby/gems/2.1.0/gems/actionpack-4.1.4/lib/action_dispatch/middleware/templates/rescues/_trace.html.erb (1.4ms)
  Rendered /Users/AdrianMLin/.rbenv/versions/2.1.2/lib/ruby/gems/2.1.0/gems/actionpack-4.1.4/lib/action_dispatch/middleware/templates/rescues/_request_and_response.html.erb (7.2ms)
  Rendered /Users/AdrianMLin/.rbenv/versions/2.1.2/lib/ruby/gems/2.1.0/gems/actionpack-4.1.4/lib/action_dispatch/middleware/templates/rescues/diagnostics.erb within rescues/layout (19.8ms)


Started GET "/" for 127.0.0.1 at 2015-03-12 21:40:58 -0400
Processing by HomeController#index as HTML
Completed 500 Internal Server Error in 1ms

NameError (undefined local variable or method `client_id' for #<HomeController:0x007ffb7b0f2cf0>):
  app/controllers/home_controller.rb:7:in `index'


  Rendered /Users/AdrianMLin/.rbenv/versions/2.1.2/lib/ruby/gems/2.1.0/gems/actionpack-4.1.4/lib/action_dispatch/middleware/templates/rescues/_source.erb (0.4ms)
  Rendered /Users/AdrianMLin/.rbenv/versions/2.1.2/lib/ruby/gems/2.1.0/gems/actionpack-4.1.4/lib/action_dispatch/middleware/templates/rescues/_trace.html.erb (0.8ms)
  Rendered /Users/AdrianMLin/.rbenv/versions/2.1.2/lib/ruby/gems/2.1.0/gems/actionpack-4.1.4/lib/action_dispatch/middleware/templates/rescues/_request_and_response.html.erb (6.5ms)
  Rendered /Users/AdrianMLin/.rbenv/versions/2.1.2/lib/ruby/gems/2.1.0/gems/actionpack-4.1.4/lib/action_dispatch/middleware/templates/rescues/diagnostics.erb within rescues/layout (17.6ms)


Started GET "/" for 127.0.0.1 at 2015-03-14 14:43:01 -0400
Processing by HomeController#index as HTML
Completed   in 21330ms


Started GET "/" for 127.0.0.1 at 2015-03-14 14:43:48 -0400
Processing by HomeController#index as HTML
  Rendered home/index.html.erb within layouts/application (6.6ms)
Completed 500 Internal Server Error in 552240ms

ActionView::Template::Error (undefined local variable or method `client_id' for #<#<Class:0x007fd28a0078c8>:0x007fd28a006e50>):
    1: <h1> Index! </h1>
    2: 
    3: <%=client_id%>
  app/views/home/index.html.erb:3:in `_app_views_home_index_html_erb__1325782358097150416_70271100672020'
  app/controllers/home_controller.rb:30:in `index'


  Rendered /Users/AdrianMLin/.rbenv/versions/2.1.2/lib/ruby/gems/2.1.0/gems/actionpack-4.1.4/lib/action_dispatch/middleware/templates/rescues/_trace.html.erb (1.1ms)
  Rendered /Users/AdrianMLin/.rbenv/versions/2.1.2/lib/ruby/gems/2.1.0/gems/actionpack-4.1.4/lib/action_dispatch/middleware/templates/rescues/_request_and_response.html.erb (7.6ms)
  Rendered /Users/AdrianMLin/.rbenv/versions/2.1.2/lib/ruby/gems/2.1.0/gems/actionpack-4.1.4/lib/action_dispatch/middleware/templates/rescues/template_error.html.erb within rescues/layout (17.6ms)


Started GET "/" for 127.0.0.1 at 2015-03-14 14:53:11 -0400
Processing by HomeController#index as HTML
Completed 500 Internal Server Error in 789ms

TypeError (no implicit conversion of Fixnum into String):
  app/controllers/home_controller.rb:39:in `+'
  app/controllers/home_controller.rb:39:in `block in index'
  app/controllers/home_controller.rb:36:in `each'
  app/controllers/home_controller.rb:36:in `index'


  Rendered /Users/AdrianMLin/.rbenv/versions/2.1.2/lib/ruby/gems/2.1.0/gems/actionpack-4.1.4/lib/action_dispatch/middleware/templates/rescues/_source.erb (0.5ms)
  Rendered /Users/AdrianMLin/.rbenv/versions/2.1.2/lib/ruby/gems/2.1.0/gems/actionpack-4.1.4/lib/action_dispatch/middleware/templates/rescues/_trace.html.erb (0.7ms)
  Rendered /Users/AdrianMLin/.rbenv/versions/2.1.2/lib/ruby/gems/2.1.0/gems/actionpack-4.1.4/lib/action_dispatch/middleware/templates/rescues/_request_and_response.html.erb (6.5ms)
  Rendered /Users/AdrianMLin/.rbenv/versions/2.1.2/lib/ruby/gems/2.1.0/gems/actionpack-4.1.4/lib/action_dispatch/middleware/templates/rescues/diagnostics.erb within rescues/layout (18.0ms)


Started GET "/" for 127.0.0.1 at 2015-03-14 14:53:28 -0400
Processing by HomeController#index as HTML
Completed   in 295147ms


Started GET "/" for 127.0.0.1 at 2015-03-14 14:58:30 -0400
Processing by HomeController#index as HTML
Completed   in 431132ms


Started GET "/" for 127.0.0.1 at 2015-03-14 15:05:52 -0400
Processing by HomeController#index as HTML
Completed   in 599359ms


Started GET "/" for 127.0.0.1 at 2015-03-14 15:16:00 -0400
Processing by HomeController#index as HTML
Completed   in 339148ms


Started GET "/" for 127.0.0.1 at 2015-03-14 15:21:45 -0400
Processing by HomeController#index as HTML
Completed 500 Internal Server Error in 668785ms

NoMethodError (undefined method `[]' for nil:NilClass):
  app/controllers/home_controller.rb:24:in `block (2 levels) in index'
  app/controllers/home_controller.rb:17:in `each'
  app/controllers/home_controller.rb:17:in `block in index'
  app/controllers/home_controller.rb:14:in `each'
  app/controllers/home_controller.rb:14:in `index'


  Rendered /Users/AdrianMLin/.rbenv/versions/2.1.2/lib/ruby/gems/2.1.0/gems/actionpack-4.1.4/lib/action_dispatch/middleware/templates/rescues/_source.erb (0.5ms)
  Rendered /Users/AdrianMLin/.rbenv/versions/2.1.2/lib/ruby/gems/2.1.0/gems/actionpack-4.1.4/lib/action_dispatch/middleware/templates/rescues/_trace.html.erb (1.1ms)
  Rendered /Users/AdrianMLin/.rbenv/versions/2.1.2/lib/ruby/gems/2.1.0/gems/actionpack-4.1.4/lib/action_dispatch/middleware/templates/rescues/_request_and_response.html.erb (8.4ms)
  Rendered /Users/AdrianMLin/.rbenv/versions/2.1.2/lib/ruby/gems/2.1.0/gems/actionpack-4.1.4/lib/action_dispatch/middleware/templates/rescues/diagnostics.erb within rescues/layout (22.0ms)


Started GET "/" for 127.0.0.1 at 2015-03-14 15:33:02 -0400
Processing by HomeController#index as HTML
Completed 500 Internal Server Error in 715ms

NoMethodError (undefined method `[]' for nil:NilClass):
  app/controllers/home_controller.rb:23:in `block (2 levels) in index'
  app/controllers/home_controller.rb:17:in `each'
  app/controllers/home_controller.rb:17:in `block in index'
  app/controllers/home_controller.rb:14:in `each'
  app/controllers/home_controller.rb:14:in `index'


  Rendered /Users/AdrianMLin/.rbenv/versions/2.1.2/lib/ruby/gems/2.1.0/gems/actionpack-4.1.4/lib/action_dispatch/middleware/templates/rescues/_source.erb (0.5ms)
  Rendered /Users/AdrianMLin/.rbenv/versions/2.1.2/lib/ruby/gems/2.1.0/gems/actionpack-4.1.4/lib/action_dispatch/middleware/templates/rescues/_trace.html.erb (0.7ms)
  Rendered /Users/AdrianMLin/.rbenv/versions/2.1.2/lib/ruby/gems/2.1.0/gems/actionpack-4.1.4/lib/action_dispatch/middleware/templates/rescues/_request_and_response.html.erb (7.2ms)
  Rendered /Users/AdrianMLin/.rbenv/versions/2.1.2/lib/ruby/gems/2.1.0/gems/actionpack-4.1.4/lib/action_dispatch/middleware/templates/rescues/diagnostics.erb within rescues/layout (17.5ms)


Started GET "/" for 127.0.0.1 at 2015-03-14 15:33:36 -0400
Processing by HomeController#index as HTML
Completed 500 Internal Server Error in 928ms

NoMethodError (undefined method `[]' for nil:NilClass):
  app/controllers/home_controller.rb:23:in `block (2 levels) in index'
  app/controllers/home_controller.rb:17:in `each'
  app/controllers/home_controller.rb:17:in `block in index'
  app/controllers/home_controller.rb:14:in `each'
  app/controllers/home_controller.rb:14:in `index'


  Rendered /Users/AdrianMLin/.rbenv/versions/2.1.2/lib/ruby/gems/2.1.0/gems/actionpack-4.1.4/lib/action_dispatch/middleware/templates/rescues/_source.erb (0.8ms)
  Rendered /Users/AdrianMLin/.rbenv/versions/2.1.2/lib/ruby/gems/2.1.0/gems/actionpack-4.1.4/lib/action_dispatch/middleware/templates/rescues/_trace.html.erb (1.0ms)
  Rendered /Users/AdrianMLin/.rbenv/versions/2.1.2/lib/ruby/gems/2.1.0/gems/actionpack-4.1.4/lib/action_dispatch/middleware/templates/rescues/_request_and_response.html.erb (7.3ms)
  Rendered /Users/AdrianMLin/.rbenv/versions/2.1.2/lib/ruby/gems/2.1.0/gems/actionpack-4.1.4/lib/action_dispatch/middleware/templates/rescues/diagnostics.erb within rescues/layout (21.2ms)


Started GET "/" for 127.0.0.1 at 2015-03-14 15:33:41 -0400
Processing by HomeController#index as HTML
Completed 500 Internal Server Error in 912ms

NoMethodError (undefined method `[]' for nil:NilClass):
  app/controllers/home_controller.rb:23:in `block (2 levels) in index'
  app/controllers/home_controller.rb:17:in `each'
  app/controllers/home_controller.rb:17:in `block in index'
  app/controllers/home_controller.rb:14:in `each'
  app/controllers/home_controller.rb:14:in `index'


  Rendered /Users/AdrianMLin/.rbenv/versions/2.1.2/lib/ruby/gems/2.1.0/gems/actionpack-4.1.4/lib/action_dispatch/middleware/templates/rescues/_source.erb (0.4ms)
  Rendered /Users/AdrianMLin/.rbenv/versions/2.1.2/lib/ruby/gems/2.1.0/gems/actionpack-4.1.4/lib/action_dispatch/middleware/templates/rescues/_trace.html.erb (0.7ms)
  Rendered /Users/AdrianMLin/.rbenv/versions/2.1.2/lib/ruby/gems/2.1.0/gems/actionpack-4.1.4/lib/action_dispatch/middleware/templates/rescues/_request_and_response.html.erb (0.8ms)
  Rendered /Users/AdrianMLin/.rbenv/versions/2.1.2/lib/ruby/gems/2.1.0/gems/actionpack-4.1.4/lib/action_dispatch/middleware/templates/rescues/diagnostics.erb within rescues/layout (10.6ms)


Started GET "/" for 127.0.0.1 at 2015-03-14 15:34:06 -0400
Processing by HomeController#index as HTML
Completed 500 Internal Server Error in 79249ms

NoMethodError (undefined method `[]' for nil:NilClass):
  app/controllers/home_controller.rb:24:in `block (2 levels) in index'
  app/controllers/home_controller.rb:17:in `each'
  app/controllers/home_controller.rb:17:in `block in index'
  app/controllers/home_controller.rb:14:in `each'
  app/controllers/home_controller.rb:14:in `index'


  Rendered /Users/AdrianMLin/.rbenv/versions/2.1.2/lib/ruby/gems/2.1.0/gems/actionpack-4.1.4/lib/action_dispatch/middleware/templates/rescues/_source.erb (0.4ms)
  Rendered /Users/AdrianMLin/.rbenv/versions/2.1.2/lib/ruby/gems/2.1.0/gems/actionpack-4.1.4/lib/action_dispatch/middleware/templates/rescues/_trace.html.erb (1.0ms)
  Rendered /Users/AdrianMLin/.rbenv/versions/2.1.2/lib/ruby/gems/2.1.0/gems/actionpack-4.1.4/lib/action_dispatch/middleware/templates/rescues/_request_and_response.html.erb (0.8ms)
  Rendered /Users/AdrianMLin/.rbenv/versions/2.1.2/lib/ruby/gems/2.1.0/gems/actionpack-4.1.4/lib/action_dispatch/middleware/templates/rescues/diagnostics.erb within rescues/layout (10.7ms)


Started GET "/" for 127.0.0.1 at 2015-03-14 15:35:31 -0400
Processing by HomeController#index as HTML
Completed 500 Internal Server Error in 46938ms

NoMethodError (undefined method `[]' for nil:NilClass):
  app/controllers/home_controller.rb:27:in `block (2 levels) in index'
  app/controllers/home_controller.rb:17:in `each'
  app/controllers/home_controller.rb:17:in `block in index'
  app/controllers/home_controller.rb:14:in `each'
  app/controllers/home_controller.rb:14:in `index'


  Rendered /Users/AdrianMLin/.rbenv/versions/2.1.2/lib/ruby/gems/2.1.0/gems/actionpack-4.1.4/lib/action_dispatch/middleware/templates/rescues/_source.erb (0.5ms)
  Rendered /Users/AdrianMLin/.rbenv/versions/2.1.2/lib/ruby/gems/2.1.0/gems/actionpack-4.1.4/lib/action_dispatch/middleware/templates/rescues/_trace.html.erb (0.9ms)
  Rendered /Users/AdrianMLin/.rbenv/versions/2.1.2/lib/ruby/gems/2.1.0/gems/actionpack-4.1.4/lib/action_dispatch/middleware/templates/rescues/_request_and_response.html.erb (7.4ms)
  Rendered /Users/AdrianMLin/.rbenv/versions/2.1.2/lib/ruby/gems/2.1.0/gems/actionpack-4.1.4/lib/action_dispatch/middleware/templates/rescues/diagnostics.erb within rescues/layout (18.5ms)


Started GET "/" for 127.0.0.1 at 2015-03-14 15:37:01 -0400
Processing by HomeController#index as HTML
Completed   in 11764ms


Started GET "/" for 127.0.0.1 at 2015-03-14 15:37:32 -0400
Processing by HomeController#index as HTML
Completed 500 Internal Server Error in 993ms

NoMethodError (undefined method `[]' for nil:NilClass):
  app/controllers/home_controller.rb:27:in `block (2 levels) in index'
  app/controllers/home_controller.rb:17:in `each'
  app/controllers/home_controller.rb:17:in `block in index'
  app/controllers/home_controller.rb:14:in `each'
  app/controllers/home_controller.rb:14:in `index'


  Rendered /Users/AdrianMLin/.rbenv/versions/2.1.2/lib/ruby/gems/2.1.0/gems/actionpack-4.1.4/lib/action_dispatch/middleware/templates/rescues/_source.erb (0.5ms)
  Rendered /Users/AdrianMLin/.rbenv/versions/2.1.2/lib/ruby/gems/2.1.0/gems/actionpack-4.1.4/lib/action_dispatch/middleware/templates/rescues/_trace.html.erb (0.8ms)
  Rendered /Users/AdrianMLin/.rbenv/versions/2.1.2/lib/ruby/gems/2.1.0/gems/actionpack-4.1.4/lib/action_dispatch/middleware/templates/rescues/_request_and_response.html.erb (6.9ms)
  Rendered /Users/AdrianMLin/.rbenv/versions/2.1.2/lib/ruby/gems/2.1.0/gems/actionpack-4.1.4/lib/action_dispatch/middleware/templates/rescues/diagnostics.erb within rescues/layout (18.2ms)


Started GET "/" for 127.0.0.1 at 2015-03-14 15:38:35 -0400
Processing by HomeController#index as HTML
Completed 500 Internal Server Error in 720ms

NoMethodError (undefined method `[]' for nil:NilClass):
  app/controllers/home_controller.rb:27:in `block (2 levels) in index'
  app/controllers/home_controller.rb:17:in `each'
  app/controllers/home_controller.rb:17:in `block in index'
  app/controllers/home_controller.rb:14:in `each'
  app/controllers/home_controller.rb:14:in `index'


  Rendered /Users/AdrianMLin/.rbenv/versions/2.1.2/lib/ruby/gems/2.1.0/gems/actionpack-4.1.4/lib/action_dispatch/middleware/templates/rescues/_source.erb (0.4ms)
  Rendered /Users/AdrianMLin/.rbenv/versions/2.1.2/lib/ruby/gems/2.1.0/gems/actionpack-4.1.4/lib/action_dispatch/middleware/templates/rescues/_trace.html.erb (0.7ms)
  Rendered /Users/AdrianMLin/.rbenv/versions/2.1.2/lib/ruby/gems/2.1.0/gems/actionpack-4.1.4/lib/action_dispatch/middleware/templates/rescues/_request_and_response.html.erb (7.5ms)
  Rendered /Users/AdrianMLin/.rbenv/versions/2.1.2/lib/ruby/gems/2.1.0/gems/actionpack-4.1.4/lib/action_dispatch/middleware/templates/rescues/diagnostics.erb within rescues/layout (17.6ms)


Started GET "/" for 127.0.0.1 at 2015-03-14 15:39:03 -0400
Processing by HomeController#index as HTML
Completed   in 111480ms


Started GET "/" for 127.0.0.1 at 2015-03-14 15:41:02 -0400
Processing by HomeController#index as HTML
Completed 500 Internal Server Error in 2984ms

NoMethodError (undefined method `[]' for nil:NilClass):
  app/controllers/home_controller.rb:35:in `block (2 levels) in index'
  app/controllers/home_controller.rb:32:in `each'
  app/controllers/home_controller.rb:32:in `block in index'
  app/controllers/home_controller.rb:14:in `each'
  app/controllers/home_controller.rb:14:in `index'


  Rendered /Users/AdrianMLin/.rbenv/versions/2.1.2/lib/ruby/gems/2.1.0/gems/actionpack-4.1.4/lib/action_dispatch/middleware/templates/rescues/_source.erb (0.5ms)
  Rendered /Users/AdrianMLin/.rbenv/versions/2.1.2/lib/ruby/gems/2.1.0/gems/actionpack-4.1.4/lib/action_dispatch/middleware/templates/rescues/_trace.html.erb (0.8ms)
  Rendered /Users/AdrianMLin/.rbenv/versions/2.1.2/lib/ruby/gems/2.1.0/gems/actionpack-4.1.4/lib/action_dispatch/middleware/templates/rescues/_request_and_response.html.erb (6.8ms)
  Rendered /Users/AdrianMLin/.rbenv/versions/2.1.2/lib/ruby/gems/2.1.0/gems/actionpack-4.1.4/lib/action_dispatch/middleware/templates/rescues/diagnostics.erb within rescues/layout (16.9ms)


Started GET "/" for 127.0.0.1 at 2015-03-14 15:41:41 -0400
Processing by HomeController#index as HTML
Completed   in 21543ms


Started GET "/" for 127.0.0.1 at 2015-03-14 15:42:06 -0400
Processing by HomeController#index as HTML
